2021-05-03 20:47:52,086 [Worker-3: Loading available Gradle versions] INFO  o.e.b.c.i.u.g.PublishedGradleVersions - Gradle version information cache is out-of-date. Trying to update.
2021-05-03 20:54:04,214 [Worker-3: Loading available Gradle versions] INFO  o.e.b.c.i.u.g.PublishedGradleVersions - Gradle version information cache is up-to-date. Trying to read.
2021-05-03 20:54:10,461 [Start Help Server] INFO  org.eclipse.jetty.util.log - Logging initialized @22462ms to org.eclipse.jetty.util.log.Slf4jLog
2021-05-03 20:54:10,606 [Start Help Server] INFO  org.eclipse.jetty.server.Server - jetty-9.4.37.v20210219; built: 2021-02-23T06:49:41.320Z; git: 27afab2bd37780d179836e313e0fe11bc4fa0ce9; jvm 15.0.2+7-27
2021-05-03 20:54:10,625 [Start Help Server] INFO  org.eclipse.jetty.server.session - DefaultSessionIdManager workerName=node0
2021-05-03 20:54:10,626 [Start Help Server] INFO  org.eclipse.jetty.server.session - No SessionScavenger set, using defaults
2021-05-03 20:54:10,627 [Start Help Server] INFO  org.eclipse.jetty.server.session - node0 Scavenging every 660000ms
2021-05-03 20:54:10,659 [Start Help Server] INFO  o.e.j.server.handler.ContextHandler - Started o.e.j.s.ServletContextHandler@6faa783d{/help,null,AVAILABLE}
2021-05-03 20:54:10,680 [Start Help Server] INFO  o.e.jetty.server.AbstractConnector - Started ServerConnector@16837ea8{HTTP/1.1, (http/1.1)}{127.0.0.1:49943}
2021-05-03 20:54:10,681 [Start Help Server] INFO  org.eclipse.jetty.server.Server - Started @22682ms
2021-05-03 20:54:10,681 [Start Help Server] INFO  org.eclipse.jetty.server.session - node0 Scavenging every 660000ms
2021-05-03 20:55:19,420 [Stop Help Server] INFO  o.e.jetty.server.AbstractConnector - Stopped ServerConnector@16837ea8{HTTP/1.1, (http/1.1)}{127.0.0.1:0}
2021-05-03 20:55:19,421 [Stop Help Server] INFO  org.eclipse.jetty.server.session - node0 Stopped scavenging
2021-05-03 20:55:19,463 [Stop Help Server] INFO  o.e.j.server.handler.ContextHandler - Stopped o.e.j.s.ServletContextHandler@6faa783d{/help,null,STOPPED}
2021-05-03 20:55:34,088 [Worker-3: Loading available Gradle versions] INFO  o.e.b.c.i.u.g.PublishedGradleVersions - Gradle version information cache is up-to-date. Trying to read.
2021-05-03 20:58:29,833 [Worker-1: Loading available Gradle versions] INFO  o.e.b.c.i.u.g.PublishedGradleVersions - Gradle version information cache is up-to-date. Trying to read.
2021-05-04 18:04:53,485 [Worker-3: Loading available Gradle versions] INFO  o.e.b.c.i.u.g.PublishedGradleVersions - Gradle version information cache is up-to-date. Trying to read.
2021-05-04 23:01:32,794 [Worker-3: Loading available Gradle versions] INFO  o.e.b.c.i.u.g.PublishedGradleVersions - Gradle version information cache is out-of-date. Trying to update.
2021-05-05 01:41:17,941 [Worker-1: Loading available Gradle versions] INFO  o.e.b.c.i.u.g.PublishedGradleVersions - Gradle version information cache is up-to-date. Trying to read.
2021-05-05 22:48:16,986 [Worker-2: Loading available Gradle versions] INFO  o.e.b.c.i.u.g.PublishedGradleVersions - Gradle version information cache is up-to-date. Trying to read.
